<?xml version="1.0" encoding="UTF-8"?>
<testng-results ignored="0" total="2" passed="2" failed="0" skipped="0">
  <reporter-output>
    <line>
      <![CDATA[Setting up reports and Test is getting ready]]>
    </line>
    <line>
      <![CDATA[Setting done Test is started]]>
    </line>
    <line>
      <![CDATA[Browser and url setup start]]>
    </line>
    <line>
      <![CDATA[Browser and url setup done]]>
    </line>
    <line>
      <![CDATA[Test complited >>>>> and report generated]]>
    </line>
  </reporter-output>
  <suite started-at="2023-12-09T23:50:00 GMT" name="Suite" finished-at="2023-12-09T23:50:22 GMT" duration-ms="21528">
    <groups>
    </groups>
    <test started-at="2023-12-09T23:50:00 GMT" name="Test" finished-at="2023-12-09T23:50:22 GMT" duration-ms="21528">
      <class name="com.telegram.testcase.LoginTest">
        <test-method is-config="true" signature="setUpSuite()[pri:0, instance:com.telegram.testcase.LoginTest@10d307f1]" started-at="2023-12-09T23:49:59 GMT" name="setUpSuite" finished-at="2023-12-09T23:50:00 GMT" duration-ms="1434" status="PASS">
          <reporter-output>
            <line>
              <![CDATA[Setting up reports and Test is getting ready]]>
            </line>
            <line>
              <![CDATA[Setting done Test is started]]>
            </line>
          </reporter-output>
        </test-method> <!-- setUpSuite -->
        <test-method is-config="true" signature="setup()[pri:0, instance:com.telegram.testcase.LoginTest@10d307f1]" started-at="2023-12-09T23:50:00 GMT" name="setup" finished-at="2023-12-09T23:50:13 GMT" duration-ms="13177" status="PASS">
          <reporter-output>
            <line>
              <![CDATA[Browser and url setup start]]>
            </line>
            <line>
              <![CDATA[Browser and url setup done]]>
            </line>
          </reporter-output>
        </test-method> <!-- setup -->
        <test-method signature="loginApp()[pri:1, instance:com.telegram.testcase.LoginTest@10d307f1]" started-at="2023-12-09T23:50:13 GMT" name="loginApp" finished-at="2023-12-09T23:50:17 GMT" duration-ms="3675" status="PASS">
          <reporter-output>
          </reporter-output>
        </test-method> <!-- loginApp -->
        <test-method is-config="true" signature="teadDownMethod(org.testng.ITestResult)[pri:0, instance:com.telegram.testcase.LoginTest@10d307f1]" started-at="2023-12-09T23:50:17 GMT" name="teadDownMethod" finished-at="2023-12-09T23:50:18 GMT" duration-ms="640" status="PASS">
          <params>
            <param index="0">
              <value>
                <![CDATA[[TestResult name=loginApp status=SUCCESS method=LoginTest.loginApp()[pri:1, instance:com.telegram.testcase.LoginTest@10d307f1] output={null}]]]>
              </value>
            </param>
          </params>
          <reporter-output>
          </reporter-output>
        </test-method> <!-- teadDownMethod -->
        <test-method signature="f1()[pri:2, instance:com.telegram.testcase.LoginTest@10d307f1]" started-at="2023-12-09T23:50:18 GMT" name="f1" finished-at="2023-12-09T23:50:18 GMT" duration-ms="253" status="PASS">
          <reporter-output>
          </reporter-output>
        </test-method> <!-- f1 -->
        <test-method is-config="true" signature="teadDownMethod(org.testng.ITestResult)[pri:0, instance:com.telegram.testcase.LoginTest@10d307f1]" started-at="2023-12-09T23:50:18 GMT" name="teadDownMethod" finished-at="2023-12-09T23:50:18 GMT" duration-ms="94" status="PASS">
          <params>
            <param index="0">
              <value>
                <![CDATA[[TestResult name=f1 status=SUCCESS method=LoginTest.f1()[pri:2, instance:com.telegram.testcase.LoginTest@10d307f1] output={null}]]]>
              </value>
            </param>
          </params>
          <reporter-output>
          </reporter-output>
        </test-method> <!-- teadDownMethod -->
        <test-method is-config="true" signature="tearDown()[pri:0, instance:com.telegram.testcase.LoginTest@10d307f1]" started-at="2023-12-09T23:50:18 GMT" name="tearDown" finished-at="2023-12-09T23:50:22 GMT" duration-ms="3559" status="PASS">
          <reporter-output>
            <line>
              <![CDATA[Test complited >>>>> and report generated]]>
            </line>
          </reporter-output>
        </test-method> <!-- tearDown -->
      </class> <!-- com.telegram.testcase.LoginTest -->
    </test> <!-- Test -->
  </suite> <!-- Suite -->
</testng-results>
